[35m[Appium][39m Available drivers:
[35m[Appium][39m   - uiautomator2@2.29.2 (automationName 'UiAutomator2')
[35m[Appium][39m No plugins have been installed. Use the "appium plugin" command to install the one(s) you want to use.
[38;5;0m[HTTP][0m [37m-->[39m [37mPOST[39m [37m/session[39m
[38;5;0m[HTTP][0m [90m{"capabilities":{"alwaysMatch":{"platformName":"Android","appium:automationName":"uiautomator2","appium:deviceName":"Redmi Note 7","appium:platformVersion":"10.0","appium:app":"C:\\Users\\Dfekn\\Documents\\webdriverio-mobile\\test\\apk\\Diet_meal.apk","appium:appPackage":"com.fghilmany.dietmealapp","appium:appActivity":"com.fghilmany.dietmealapp.ui.main.MainActivity","appium:noReset":true,"appium:forceAppLaunch":true},"firstMatch":[{}]},"desiredCapabilities":{"platformName":"Android","appium:automationName":"uiautomator2","appium:deviceName":"Redmi Note 7","appium:platformVersion":"10.0","appium:app":"C:\\Users\\Dfekn\\Documents\\webdriverio-mobile\\test\\apk\\Diet_meal.apk","appium:appPackage":"com.fghilmany.dietmealapp","appium:appActivity":"com.fghilmany.dietmealapp.ui.main.MainActivity","appium:noReset":true,"appium:forceAppLaunch":true}}[39m
[debug] [38;5;16m[AppiumDriver@4b32][0m Calling AppiumDriver.createSession() with args: [{"platformName":"Android","appium:automationName":"uiautomator2","appium:deviceName":"Redmi Note 7","appium:platformVersion":"10.0","appium:app":"C:\\Users\\Dfekn\\Documents\\webdriverio-mobile\\test\\apk\\Diet_meal.apk","appium:appPackage":"com.fghilmany.dietmealapp","appium:appActivity":"com.fghilmany.dietmealapp.ui.main.MainActivity","appium:noReset":true,"appium:forceAppLaunch":true},null,{"alwaysMatch":{"platformName":"Android","appium:automationName":"uiautomator2","appium:deviceName":"Redmi Note 7","appium:platformVersion":"10.0","appium:app":"C:\\Users\\Dfekn\\Documents\\webdriverio-mobile\\test\\apk\\Diet_meal.apk","appium:appPackage":"com.fghilmany.dietmealapp","appium:appActivity":"com.fghilmany.dietmealapp.ui.main.MainActivity","appium:noReset":true,"appium:forceAppLaunch":true},"firstMatch":[{}]}]
[debug] [38;5;16m[AppiumDriver@4b32][0m Event 'newSessionRequested' logged at 1688909481194 (20:31:21 GMT+0700 (Western Indonesia Time))
[35m[Appium][39m Attempting to find matching driver for automationName 'uiautomator2' and platformName 'Android'
[35m[Appium][39m The 'uiautomator2' driver was installed and matched caps.
[35m[Appium][39m Will require it at C:/Users/Dfekn/Documents/webdriverio-mobile/node_modules/appium-uiautomator2-driver
[debug] [35m[Appium][39m Requiring driver at C:/Users/Dfekn/Documents/webdriverio-mobile/node_modules/appium-uiautomator2-driver
[38;5;16m[AppiumDriver@4b32][0m Appium v2.0.0 creating new AndroidUiautomator2Driver (v2.29.2) session
[38;5;16m[AppiumDriver@4b32][0m Checking BaseDriver versions for Appium and AndroidUiautomator2Driver
[38;5;16m[AppiumDriver@4b32][0m Appium's BaseDriver version is 9.3.15
[38;5;16m[AppiumDriver@4b32][0m AndroidUiautomator2Driver's BaseDriver version is 9.3.15
[debug] [38;5;32m[AndroidUiautomator2Driver@7863][0m Creating session with W3C capabilities: {
[debug] [38;5;32m[AndroidUiautomator2Driver@7863][0m   "alwaysMatch": {
[debug] [38;5;32m[AndroidUiautomator2Driver@7863][0m     "platformName": "Android",
[debug] [38;5;32m[AndroidUiautomator2Driver@7863][0m     "appium:automationName": "uiautomator2",
[debug] [38;5;32m[AndroidUiautomator2Driver@7863][0m     "appium:deviceName": "Redmi Note 7",
[debug] [38;5;32m[AndroidUiautomator2Driver@7863][0m     "appium:platformVersion": "10.0",
[debug] [38;5;32m[AndroidUiautomator2Driver@7863][0m     "appium:app": "C:\\Users\\Dfekn\\Documents\\webdriverio-mobile\\test\\apk\\Diet_meal.apk",
[debug] [38;5;32m[AndroidUiautomator2Driver@7863][0m     "appium:appPackage": "com.fghilmany.dietmealapp",
[debug] [38;5;32m[AndroidUiautomator2Driver@7863][0m     "appium:appActivity": "com.fghilmany.dietmealapp.ui.main.MainActivity",
[debug] [38;5;32m[AndroidUiautomator2Driver@7863][0m     "appium:noReset": true,
[debug] [38;5;32m[AndroidUiautomator2Driver@7863][0m     "appium:forceAppLaunch": true
[debug] [38;5;32m[AndroidUiautomator2Driver@7863][0m   },
[debug] [38;5;32m[AndroidUiautomator2Driver@7863][0m   "firstMatch": [
[debug] [38;5;32m[AndroidUiautomator2Driver@7863][0m     {}
[debug] [38;5;32m[AndroidUiautomator2Driver@7863][0m   ]
[debug] [38;5;32m[AndroidUiautomator2Driver@7863][0m }
[38;5;32m[AndroidUiautomator2Driver@7863][0m The following capabilities were provided, but are not recognized by Appium:
[38;5;32m[AndroidUiautomator2Driver@7863][0m   deviceName
[38;5;32m[AndroidUiautomator2Driver@7863 (f1d8245d)][0m Session created with session id: f1d8245d-fc64-434f-bf7b-8f2111da3686
[38;5;48m[BaseDriver][0m Using local app 'C:\Users\Dfekn\Documents\webdriverio-mobile\test\apk\Diet_meal.apk'
[debug] [38;5;32m[AndroidUiautomator2Driver@7863 (f1d8245d)][0m Checking whether app is actually present
[38;5;64m[ADB][0m Found 1 'build-tools' folders under 'C:\Users\Dfekn\AppData\Local\Android\Sdk' (newest first):
[38;5;64m[ADB][0m     C:/Users/Dfekn/AppData/Local/Android/Sdk/build-tools/34.0.0
[38;5;64m[ADB][0m Using 'adb.exe' from 'C:\Users\Dfekn\AppData\Local\Android\Sdk\platform-tools\adb.exe'
[debug] [38;5;64m[ADB][0m Running 'C:\Users\Dfekn\AppData\Local\Android\Sdk\platform-tools\adb.exe -P 5037 start-server'
[38;5;80m[AndroidDriver][0m Retrieving device list
[debug] [38;5;64m[ADB][0m Trying to find a connected android device
[debug] [38;5;64m[ADB][0m Getting connected devices
[debug] [38;5;64m[ADB][0m Connected devices: [{"udid":"83c12a5","state":"device"}]
[38;5;80m[AndroidDriver][0m Looking for a device with Android '10.0.0'
[debug] [38;5;64m[ADB][0m Setting device id to 83c12a5
[38;5;64m[ADB][0m Getting device platform version
[debug] [38;5;64m[ADB][0m Running 'C:\Users\Dfekn\AppData\Local\Android\Sdk\platform-tools\adb.exe -P 5037 -s 83c12a5 shell getprop ro.build.version.release'
[debug] [38;5;64m[ADB][0m Current device property 'ro.build.version.release': 10
[38;5;80m[AndroidDriver][0m Using device: 83c12a5
[38;5;64m[ADB][0m Using 'adb.exe' from 'C:\Users\Dfekn\AppData\Local\Android\Sdk\platform-tools\adb.exe'
[debug] [38;5;64m[ADB][0m Running 'C:\Users\Dfekn\AppData\Local\Android\Sdk\platform-tools\adb.exe -P 5037 start-server'
[debug] [38;5;64m[ADB][0m Setting device id to 83c12a5
[debug] [38;5;64m[ADB][0m Running 'C:\Users\Dfekn\AppData\Local\Android\Sdk\platform-tools\adb.exe -P 5037 -s 83c12a5 shell getprop ro.build.version.sdk'
[debug] [38;5;64m[ADB][0m Current device property 'ro.build.version.sdk': 29
[38;5;64m[ADB][0m Getting device platform version
[debug] [38;5;64m[ADB][0m Running 'C:\Users\Dfekn\AppData\Local\Android\Sdk\platform-tools\adb.exe -P 5037 -s 83c12a5 shell getprop ro.build.version.release'
[debug] [38;5;64m[ADB][0m Current device property 'ro.build.version.release': 10
[debug] [38;5;64m[ADB][0m Device API level: 29
[38;5;32m[AndroidUiautomator2Driver@7863 (f1d8245d)][0m Relaxing hidden api policy
[debug] [38;5;64m[ADB][0m Running 'C:\Users\Dfekn\AppData\Local\Android\Sdk\platform-tools\adb.exe -P 5037 -s 83c12a5 shell 'settings put global hidden_api_policy_pre_p_apps 1;settings put global hidden_api_policy_p_apps 1;settings put global hidden_api_policy 1''
[debug] [38;5;80m[AndroidDriver][0m Pushing settings apk to device...
[debug] [38;5;64m[ADB][0m Getting package info for 'io.appium.settings'
[debug] [38;5;64m[ADB][0m Running 'C:\Users\Dfekn\AppData\Local\Android\Sdk\platform-tools\adb.exe -P 5037 -s 83c12a5 shell dumpsys package io.appium.settings'
[debug] [38;5;64m[ADB][0m The version name of the installed 'io.appium.settings' is greater or equal to the application version name ('5.0.5' >= '5.0.5')
[debug] [38;5;64m[ADB][0m There is no need to install/upgrade 'C:\Users\Dfekn\Documents\webdriverio-mobile\node_modules\appium-uiautomator2-driver\node_modules\io.appium.settings\apks\settings_apk-debug.apk'
[debug] [38;5;64m[ADB][0m Getting IDs of all 'io.appium.settings' processes
[debug] [38;5;64m[ADB][0m Running 'C:\Users\Dfekn\AppData\Local\Android\Sdk\platform-tools\adb.exe -P 5037 -s 83c12a5 shell 'pgrep --help; echo $?''
[debug] [38;5;64m[ADB][0m Running 'C:\Users\Dfekn\AppData\Local\Android\Sdk\platform-tools\adb.exe -P 5037 -s 83c12a5 shell pgrep -f \(\[\[:blank:\]\]\|\^\)io\.appium\.settings\(\[\[:blank:\]\]\|\$\)'
[debug] [38;5;80m[AndroidDriver][0m io.appium.settings is already running. There is no need to reset its permissions.
[debug] [38;5;64m[ADB][0m Running 'C:\Users\Dfekn\AppData\Local\Android\Sdk\platform-tools\adb.exe -P 5037 -s 83c12a5 shell appops set io.appium.settings android:mock_location allow'
[debug] [38;5;64m[ADB][0m Running 'C:\Users\Dfekn\AppData\Local\Android\Sdk\platform-tools\adb.exe -P 5037 -s 83c12a5 shell "[ -e '/data/local/tmp/mock_apps.json' ] && echo __PASS__"'
[debug] [38;5;64m[ADB][0m Running 'C:\Users\Dfekn\AppData\Local\Android\Sdk\platform-tools\adb.exe -P 5037 -s 83c12a5 shell cat /data/local/tmp/mock_apps.json'
[debug] [38;5;96m[Logcat][0m Starting logs capture with command: C:\\Users\\Dfekn\\AppData\\Local\\Android\\Sdk\\platform-tools\\adb.exe -P 5037 -s 83c12a5 logcat -v threadtime
[debug] [38;5;32m[AndroidUiautomator2Driver@7863 (f1d8245d)][0m Forwarding UiAutomator2 Server port 6790 to local port 8202
[debug] [38;5;64m[ADB][0m Forwarding system: 8202 to device: 6790
[debug] [38;5;64m[ADB][0m Running 'C:\Users\Dfekn\AppData\Local\Android\Sdk\platform-tools\adb.exe -P 5037 -s 83c12a5 forward tcp:8202 tcp:6790'
[debug] [38;5;64m[ADB][0m Checking app cert for C:\Users\Dfekn\Documents\webdriverio-mobile\node_modules\appium-uiautomator2-driver\node_modules\appium-uiautomator2-server\apks\appium-uiautomator2-server-v5.12.2.apk
[debug] [38;5;64m[ADB][0m Checking app cert for C:\Users\Dfekn\Documents\webdriverio-mobile\node_modules\appium-uiautomator2-driver\node_modules\appium-uiautomator2-server\apks\appium-uiautomator2-server-debug-androidTest.apk
[38;5;64m[ADB][0m Using 'apksigner.jar' from 'C:\Users\Dfekn\AppData\Local\Android\Sdk\build-tools\34.0.0\lib\apksigner.jar'
[debug] [38;5;64m[ADB][0m Starting apksigner: 'D:\\Program Files\\Java\\jdk-17\\bin\\java.exe' -Xmx1024M -Xss1m -jar C:\\Users\\Dfekn\\AppData\\Local\\Android\\Sdk\\build-tools\\34.0.0\\lib\\apksigner.jar verify --print-certs C:\\Users\\Dfekn\\Documents\\webdriverio-mobile\\node_modules\\appium-uiautomator2-driver\\node_modules\\appium-uiautomator2-server\\apks\\appium-uiautomator2-server-debug-androidTest.apk
[debug] [38;5;64m[ADB][0m Starting apksigner: 'D:\\Program Files\\Java\\jdk-17\\bin\\java.exe' -Xmx1024M -Xss1m -jar C:\\Users\\Dfekn\\AppData\\Local\\Android\\Sdk\\build-tools\\34.0.0\\lib\\apksigner.jar verify --print-certs C:\\Users\\Dfekn\\Documents\\webdriverio-mobile\\node_modules\\appium-uiautomator2-driver\\node_modules\\appium-uiautomator2-server\\apks\\appium-uiautomator2-server-v5.12.2.apk
[debug] [38;5;64m[ADB][0m apksigner stdout: Signer #1 certificate DN: EMAILADDRESS=android@android.com, CN=Android, OU=Android, O=Android, L=Mountain View, ST=California, C=US
[debug] [38;5;64m[ADB][0m Signer #1 certificate SHA-256 digest: a40da80a59d170caa950cf15c18c454d47a39b26989d8b640ecd745ba71bf5dc
[debug] [38;5;64m[ADB][0m Signer #1 certificate SHA-1 digest: 61ed377e85d386a8dfee6b864bd85b0bfaa5af81
[debug] [38;5;64m[ADB][0m Signer #1 certificate MD5 digest: e89b158e4bcf988ebd09eb83f5378e87
[debug] [38;5;64m[ADB][0m 
[debug] [38;5;64m[ADB][0m sha256 hash did match for 'appium-uiautomator2-server-debug-androidTest.apk'
[38;5;64m[ADB][0m 'C:\Users\Dfekn\Documents\webdriverio-mobile\node_modules\appium-uiautomator2-driver\node_modules\appium-uiautomator2-server\apks\appium-uiautomator2-server-debug-androidTest.apk' is signed with the default certificate
[debug] [38;5;64m[ADB][0m Getting install status for io.appium.uiautomator2.server.test
[debug] [38;5;64m[ADB][0m Running 'C:\Users\Dfekn\AppData\Local\Android\Sdk\platform-tools\adb.exe -P 5037 -s 83c12a5 shell pm path io.appium.uiautomator2.server.test'
[debug] [38;5;64m[ADB][0m 'io.appium.uiautomator2.server.test' is installed
[debug] [38;5;64m[ADB][0m apksigner stdout: Signer #1 certificate DN: EMAILADDRESS=android@android.com, CN=Android, OU=Android, O=Android, L=Mountain View, ST=California, C=US
[debug] [38;5;64m[ADB][0m Signer #1 certificate SHA-256 digest: a40da80a59d170caa950cf15c18c454d47a39b26989d8b640ecd745ba71bf5dc
[debug] [38;5;64m[ADB][0m Signer #1 certificate SHA-1 digest: 61ed377e85d386a8dfee6b864bd85b0bfaa5af81
[debug] [38;5;64m[ADB][0m Signer #1 certificate MD5 digest: e89b158e4bcf988ebd09eb83f5378e87
[debug] [38;5;64m[ADB][0m 
[debug] [38;5;64m[ADB][0m sha256 hash did match for 'appium-uiautomator2-server-v5.12.2.apk'
[38;5;64m[ADB][0m 'C:\Users\Dfekn\Documents\webdriverio-mobile\node_modules\appium-uiautomator2-driver\node_modules\appium-uiautomator2-server\apks\appium-uiautomator2-server-v5.12.2.apk' is signed with the default certificate
[debug] [38;5;64m[ADB][0m Getting package info for 'io.appium.uiautomator2.server'
[debug] [38;5;64m[ADB][0m Running 'C:\Users\Dfekn\AppData\Local\Android\Sdk\platform-tools\adb.exe -P 5037 -s 83c12a5 shell dumpsys package io.appium.uiautomator2.server'
[debug] [38;5;64m[ADB][0m The version name of the installed 'io.appium.uiautomator2.server' is greater or equal to the application version name ('5.12.2' >= '5.12.2')
[debug] [38;5;32m[AndroidUiautomator2Driver@7863 (f1d8245d)][0m Server packages status: [{"wasSigned":true,"installState":"sameVersionInstalled","appPath":"C:\\Users\\Dfekn\\Documents\\webdriverio-mobile\\node_modules\\appium-uiautomator2-driver\\node_modules\\appium-uiautomator2-server\\apks\\appium-uiautomator2-server-v5.12.2.apk","appId":"io.appium.uiautomator2.server"},{"wasSigned":true,"installState":"sameVersionInstalled","appPath":"C:\\Users\\Dfekn\\Documents\\webdriverio-mobile\\node_modules\\appium-uiautomator2-driver\\node_modules\\appium-uiautomator2-server\\apks\\appium-uiautomator2-server-debug-androidTest.apk","appId":"io.appium.uiautomator2.server.test"}]
[38;5;32m[AndroidUiautomator2Driver@7863 (f1d8245d)][0m Server packages are not going to be (re)installed
[debug] [38;5;32m[AndroidUiautomator2Driver@7863 (f1d8245d)][0m Waiting up to 30000ms for services to be available
[debug] [38;5;64m[ADB][0m Running 'C:\Users\Dfekn\AppData\Local\Android\Sdk\platform-tools\adb.exe -P 5037 -s 83c12a5 shell pm list instrumentation'
[debug] [38;5;32m[AndroidUiautomator2Driver@7863 (f1d8245d)][0m Instrumentation target 'io.appium.uiautomator2.server.test/androidx.test.runner.AndroidJUnitRunner' is available
[38;5;64m[ADB][0m Adding packages ["io.appium.settings","io.appium.uiautomator2.server","io.appium.uiautomator2.server.test"] to Doze whitelist
[debug] [38;5;64m[ADB][0m Got the following command chunks to execute: [["dumpsys","deviceidle","whitelist","+io.appium.settings",";","dumpsys","deviceidle","whitelist","+io.appium.uiautomator2.server",";","dumpsys","deviceidle","whitelist","+io.appium.uiautomator2.server.test",";"]]
[debug] [38;5;64m[ADB][0m Running 'C:\Users\Dfekn\AppData\Local\Android\Sdk\platform-tools\adb.exe -P 5037 -s 83c12a5 shell dumpsys deviceidle whitelist +io.appium.settings ; dumpsys deviceidle whitelist +io.appium.uiautomator2.server ; dumpsys deviceidle whitelist +io.appium.uiautomator2.server.test ;'
[debug] [38;5;64m[ADB][0m Getting install status for com.fghilmany.dietmealapp
[debug] [38;5;64m[ADB][0m Running 'C:\Users\Dfekn\AppData\Local\Android\Sdk\platform-tools\adb.exe -P 5037 -s 83c12a5 shell pm path com.fghilmany.dietmealapp'
[debug] [38;5;64m[ADB][0m 'com.fghilmany.dietmealapp' is installed
[debug] [38;5;32m[AndroidUiautomator2Driver@7863 (f1d8245d)][0m noReset has been requested and the app is already installed. Doing nothing
[debug] [38;5;32m[AndroidUiautomator2Driver@7863 (f1d8245d)][0m Performing shallow cleanup of automation leftovers
[debug] [38;5;32m[AndroidUiautomator2Driver@7863 (f1d8245d)][0m No obsolete sessions have been detected (socket hang up)
[debug] [38;5;64m[ADB][0m Running 'C:\Users\Dfekn\AppData\Local\Android\Sdk\platform-tools\adb.exe -P 5037 -s 83c12a5 shell am force-stop io.appium.uiautomator2.server.test'
[38;5;32m[AndroidUiautomator2Driver@7863 (f1d8245d)][0m Starting UIAutomator2 server 5.12.2
[38;5;32m[AndroidUiautomator2Driver@7863 (f1d8245d)][0m Using UIAutomator2 server from 'C:\Users\Dfekn\Documents\webdriverio-mobile\node_modules\appium-uiautomator2-driver\node_modules\appium-uiautomator2-server\apks\appium-uiautomator2-server-v5.12.2.apk' and test from 'C:\Users\Dfekn\Documents\webdriverio-mobile\node_modules\appium-uiautomator2-driver\node_modules\appium-uiautomator2-server\apks\appium-uiautomator2-server-debug-androidTest.apk'
[38;5;32m[AndroidUiautomator2Driver@7863 (f1d8245d)][0m Waiting up to 30000ms for UiAutomator2 to be online...
[debug] [38;5;64m[ADB][0m Creating ADB subprocess with args: ["-P","5037","-s","83c12a5","shell","am","instrument","-w","-e","disableAnalytics",true,"io.appium.uiautomator2.server.test/androidx.test.runner.AndroidJUnitRunner"]
[debug] [38;5;32m[AndroidUiautomator2Driver@7863 (f1d8245d)][0m Matched '/status' to command name 'getStatus'
[debug] [38;5;32m[AndroidUiautomator2Driver@7863 (f1d8245d)][0m Proxying [GET /status] to [GET http://127.0.0.1:8202/status] with no body
[38;5;32m[AndroidUiautomator2Driver@7863 (f1d8245d)][0m socket hang up
[debug] [38;5;32m[AndroidUiautomator2Driver@7863 (f1d8245d)][0m Matched '/status' to command name 'getStatus'
[debug] [38;5;32m[AndroidUiautomator2Driver@7863 (f1d8245d)][0m Proxying [GET /status] to [GET http://127.0.0.1:8202/status] with no body
[38;5;32m[AndroidUiautomator2Driver@7863 (f1d8245d)][0m socket hang up
[debug] [38;5;112m[Instrumentation][0m io.appium.uiautomator2.server.test.AppiumUiAutomator2Server:
[debug] [38;5;32m[AndroidUiautomator2Driver@7863 (f1d8245d)][0m Matched '/status' to command name 'getStatus'
[debug] [38;5;32m[AndroidUiautomator2Driver@7863 (f1d8245d)][0m Proxying [GET /status] to [GET http://127.0.0.1:8202/status] with no body
[38;5;32m[AndroidUiautomator2Driver@7863 (f1d8245d)][0m socket hang up
[debug] [38;5;32m[AndroidUiautomator2Driver@7863 (f1d8245d)][0m Matched '/status' to command name 'getStatus'
[debug] [38;5;32m[AndroidUiautomator2Driver@7863 (f1d8245d)][0m Proxying [GET /status] to [GET http://127.0.0.1:8202/status] with no body
[debug] [38;5;32m[AndroidUiautomator2Driver@7863 (f1d8245d)][0m Got response with status 200: {"sessionId":"None","value":{"message":"UiAutomator2 Server is ready to accept commands","ready":true}}
[debug] [38;5;32m[AndroidUiautomator2Driver@7863 (f1d8245d)][0m The initialization of the instrumentation process took 3231ms
[debug] [38;5;32m[AndroidUiautomator2Driver@7863 (f1d8245d)][0m Matched '/session' to command name 'createSession'
[debug] [38;5;32m[AndroidUiautomator2Driver@7863 (f1d8245d)][0m Proxying [POST /session] to [POST http://127.0.0.1:8202/session] with body: {"capabilities":{"firstMatch":[{"platform":"LINUX","webStorageEnabled":false,"takesScreenshot":true,"javascriptEnabled":true,"databaseEnabled":false,"networkConnectionEnabled":true,"locationContextEnabled":false,"warnings":{},"desired":{"platformName":"Android","automationName":"uiautomator2","deviceName":"Redmi Note 7","platformVersion":"10.0","app":"C:\\Users\\Dfekn\\Documents\\webdriverio-mobile\\test\\apk\\Diet_meal.apk","appPackage":"com.fghilmany.dietmealapp","appActivity":"com.fghilmany.dietmealapp.ui.main.MainActivity","noReset":true,"forceAppLaunch":true},"platformName":"Android","automationName":"uiautomator2","deviceName":"83c12a5","platformVersion":"10.0","app":"C:\\Users\\Dfekn\\Documents\\webdriverio-mobile\\test\\apk\\Diet_meal.apk","appPackage":"com.fghilmany.dietmealapp","appActivity":"com.fghilmany.dietmealapp.ui.main.MainActivity","noReset":true,"forceAppLaunch":true,"deviceUDID":"83c12a5"}],"alwaysMatch":{}}}
[debug] [38;5;32m[AndroidUiautomator2Driver@7863 (f1d8245d)][0m Got response with status 200: {"sessionId":"a8c7ade3-541d-4ded-a7b1-5adacabd819c","value":{"capabilities":{"firstMatch":[{"platform":"LINUX","webStorageEnabled":false,"takesScreenshot":true,"javascriptEnabled":true,"databaseEnabled":false,"networkConnectionEnabled":true,"locationContextEnabled":false,"warnings":{},"desired":{"platformName":"Android","automationName":"uiautomator2","deviceName":"Redmi Note 7","platformVersion":"10.0","app":"C:\\Users\\Dfekn\\Documents\\webdriverio-mobile\\test\\apk\\Diet_meal.apk","appPackage":"com.fghilmany.dietmealapp","appActivity":"com.fghilmany.dietmealapp.ui.main.MainActivity","noReset":true,"forceAppLaunch":true},"platformName":"Android","automationName":"uiautomator2","deviceName":"83c12a5","platformVersion":"10.0","app":"C:\\Users\\Dfekn\\Documents\\webdriverio-mobile\\test\\apk\\Diet_meal.apk","appPackage":"com.fghilmany.dietmealapp","appActivity":"com.fghilmany.dietmealapp.ui.main.MainActivity","noReset":true,"forceAppLaunch":true,"deviceUDID":"83c12a5"}],"alwaysMatch":{}},"sessionId":"a8c7ad...
[38;5;32m[AndroidUiautomator2Driver@7863 (f1d8245d)][0m Determined the downstream protocol as 'W3C'
[debug] [38;5;32m[AndroidUiautomator2Driver@7863 (f1d8245d)][0m Proxying [GET /appium/device/info] to [GET http://127.0.0.1:8202/session/a8c7ade3-541d-4ded-a7b1-5adacabd819c/appium/device/info] with no body
[debug] [38;5;32m[AndroidUiautomator2Driver@7863 (f1d8245d)][0m Got response with status 200: {"sessionId":"a8c7ade3-541d-4ded-a7b1-5adacabd819c","value":{"androidId":"afc22016a101ec9a","apiVersion":"29","bluetooth":{"state":"ON"},"brand":"Xiaomi","carrierName":"XL Axiata","displayDensity":403,"locale":"in_ID","manufacturer":"Xiaomi","model":"Redmi Note 7","networks":[{"capabilities":{"SSID":null,"linkDownBandwidthKbps":1048576,"linkUpstreamBandwidthKbps":1048576,"networkCapabilities":"NET_CAPABILITY_NOT_METERED,NET_CAPABILITY_INTERNET,NET_CAPABILITY_NOT_RESTRICTED,NET_CAPABILITY_TRUSTED,NET_CAPABILITY_NOT_VPN,NET_CAPABILITY_VALIDATED,NET_CAPABILITY_NOT_ROAMING,NET_CAPABILITY_FOREGROUND,NET_CAPABILITY_NOT_CONGESTED,NET_CAPABILITY_NOT_SUSPENDED","signalStrength":-62,"transportTypes":"TRANSPORT_WIFI"},"detailedState":"CONNECTED","extraInfo":null,"isAvailable":true,"isConnected":true,"isFailover":false,"isRoaming":false,"state":"CONNECTED","subtype":0,"subtypeName":"","type":1,"typeName":"WIFI"},{"capabilities":{"SSID":null,"linkDownBandwidthKbps":30000,"linkUpstreamBandwidthKbps":15000,"networkCapabi...
[debug] [38;5;64m[ADB][0m Running 'C:\Users\Dfekn\AppData\Local\Android\Sdk\platform-tools\adb.exe -P 5037 -s 83c12a5 shell dumpsys window'
[38;5;80m[AndroidDriver][0m Screen already unlocked, doing nothing
[38;5;32m[AndroidUiautomator2Driver@7863 (f1d8245d)][0m Starting 'com.fghilmany.dietmealapp/com.fghilmany.dietmealapp.ui.main.MainActivity and waiting for 'com.fghilmany.dietmealapp/com.fghilmany.dietmealapp.ui.main.MainActivity'
[debug] [38;5;64m[ADB][0m Running 'C:\Users\Dfekn\AppData\Local\Android\Sdk\platform-tools\adb.exe -P 5037 -s 83c12a5 shell am start -W -n com.fghilmany.dietmealapp/com.fghilmany.dietmealapp.ui.main.MainActivity -S -a android.intent.action.MAIN -c android.intent.category.LAUNCHER -f 0x10200000'
[debug] [38;5;32m[AndroidUiautomator2Driver@7863 (f1d8245d)][0m Proxying [GET /appium/device/pixel_ratio] to [GET http://127.0.0.1:8202/session/a8c7ade3-541d-4ded-a7b1-5adacabd819c/appium/device/pixel_ratio] with no body
[debug] [38;5;32m[AndroidUiautomator2Driver@7863 (f1d8245d)][0m Got response with status 200: {"sessionId":"a8c7ade3-541d-4ded-a7b1-5adacabd819c","value":2.51875}
[debug] [38;5;32m[AndroidUiautomator2Driver@7863 (f1d8245d)][0m Matched '/appium/device/system_bars' to command name 'getSystemBars'
[debug] [38;5;32m[AndroidUiautomator2Driver@7863 (f1d8245d)][0m Proxying [GET /appium/device/system_bars] to [GET http://127.0.0.1:8202/session/a8c7ade3-541d-4ded-a7b1-5adacabd819c/appium/device/system_bars] with no body
[debug] [38;5;32m[AndroidUiautomator2Driver@7863 (f1d8245d)][0m Got response with status 200: {"sessionId":"a8c7ade3-541d-4ded-a7b1-5adacabd819c","value":{"statusBar":80}}
[debug] [38;5;32m[AndroidUiautomator2Driver@7863 (f1d8245d)][0m Matched '/window/current/size' to command name 'getWindowSize'
[debug] [38;5;32m[AndroidUiautomator2Driver@7863 (f1d8245d)][0m Proxying [GET /window/current/size] to [GET http://127.0.0.1:8202/session/a8c7ade3-541d-4ded-a7b1-5adacabd819c/window/current/size] with no body
[debug] [38;5;32m[AndroidUiautomator2Driver@7863 (f1d8245d)][0m Got response with status 200: {"sessionId":"a8c7ade3-541d-4ded-a7b1-5adacabd819c","value":{"height":2220,"width":1080}}
[38;5;16m[AppiumDriver@4b32][0m New AndroidUiautomator2Driver session created successfully, session f1d8245d-fc64-434f-bf7b-8f2111da3686 added to master session list
[debug] [38;5;16m[AppiumDriver@4b32][0m Event 'newSessionStarted' logged at 1688909487906 (20:31:27 GMT+0700 (Western Indonesia Time))
[debug] [38;5;32m[AndroidUiautomator2Driver@7863 (f1d8245d)][0m Cached the protocol value 'W3C' for the new session f1d8245d-fc64-434f-bf7b-8f2111da3686
[debug] [38;5;32m[AndroidUiautomator2Driver@7863 (f1d8245d)][0m Responding to client with driver.createSession() result: {"capabilities":{"platform":"LINUX","webStorageEnabled":false,"takesScreenshot":true,"javascriptEnabled":true,"databaseEnabled":false,"networkConnectionEnabled":true,"locationContextEnabled":false,"warnings":{},"desired":{"platformName":"Android","automationName":"uiautomator2","deviceName":"Redmi Note 7","platformVersion":"10.0","app":"C:\\Users\\Dfekn\\Documents\\webdriverio-mobile\\test\\apk\\Diet_meal.apk","appPackage":"com.fghilmany.dietmealapp","appActivity":"com.fghilmany.dietmealapp.ui.main.MainActivity","noReset":true,"forceAppLaunch":true},"platformName":"Android","automationName":"uiautomator2","deviceName":"83c12a5","platformVersion":"10","app":"C:\\Users\\Dfekn\\Documents\\webdriverio-mobile\\test\\apk\\Diet_meal.apk","appPackage":"com.fghilmany.dietmealapp","appActivity":"com.fghilmany.dietmealapp.ui.main.MainActivity","noReset":true,"forceAppLaunch":true,"deviceUDID":"83c12a5","deviceApiLevel":29,"deviceScreenSize":"1080x2340","deviceScreenDensity":403,"deviceModel":"Redmi Note 7","deviceMan...
[38;5;0m[HTTP][0m [37m<-- POST /session [39m[32m200[39m [90m6718 ms - 1205[39m
[38;5;0m[HTTP][0m [90m[39m
[38;5;0m[HTTP][0m [37m-->[39m [37mPOST[39m [37m/session/f1d8245d-fc64-434f-bf7b-8f2111da3686/element[39m
[38;5;0m[HTTP][0m [90m{"using":"xpath","value":"/hierarchy/android.widget.FrameLayout/android.widget.LinearLayout/android.widget.FrameLayout/android.widget.LinearLayout/android.widget.FrameLayout/android.view.ViewGroup/android.widget.FrameLayout/android.view.ViewGroup/android.widget.LinearLayout[1]/android.widget.FrameLayout/android.widget.EditText"}[39m
[debug] [38;5;32m[AndroidUiautomator2Driver@7863 (f1d8245d)][0m Calling AppiumDriver.findElement() with args: ["xpath","/hierarchy/android.widget.FrameLayout/android.widget.LinearLayout/android.widget.FrameLayout/android.widget.LinearLayout/android.widget.FrameLayout/android.view.ViewGroup/android.widget.FrameLayout/android.view.ViewGroup/android.widget.LinearLayout[1]/android.widget.FrameLayout/android.widget.EditText","f1d8245d-fc64-434f-bf7b-8f2111da3686"]
[debug] [38;5;32m[AndroidUiautomator2Driver@7863 (f1d8245d)][0m Valid locator strategies for this request: xpath, id, class name, accessibility id, css selector, -android uiautomator
[debug] [38;5;32m[AndroidUiautomator2Driver@7863 (f1d8245d)][0m Waiting up to 0 ms for condition
[debug] [38;5;32m[AndroidUiautomator2Driver@7863 (f1d8245d)][0m Matched '/element' to command name 'findElement'
[debug] [38;5;32m[AndroidUiautomator2Driver@7863 (f1d8245d)][0m Proxying [POST /element] to [POST http://127.0.0.1:8202/session/a8c7ade3-541d-4ded-a7b1-5adacabd819c/element] with body: {"strategy":"xpath","selector":"/hierarchy/android.widget.FrameLayout/android.widget.LinearLayout/android.widget.FrameLayout/android.widget.LinearLayout/android.widget.FrameLayout/android.view.ViewGroup/android.widget.FrameLayout/android.view.ViewGroup/android.widget.LinearLayout[1]/android.widget.FrameLayout/android.widget.EditText","context":"","multiple":false}
[38;5;32m[AndroidUiautomator2Driver@7863 (f1d8245d)][0m Got response with status 404: {"sessionId":"a8c7ade3-541d-4ded-a7b1-5adacabd819c","value":{"error":"no such element","message":"An element could not be located on the page using the given search parameters","stacktrace":"io.appium.uiautomator2.common.exceptions.ElementNotFoundException: An element could not be located on the page using the given search parameters\n\tat io.appium.uiautomator2.utils.ElementLocationHelpers.findElement(ElementLocationHelpers.java:156)\n\tat io.appium.uiautomator2.handler.FindElement.safeHandle(FindElement.java:60)\n\tat io.appium.uiautomator2.handler.request.SafeRequestHandler.handle(SafeRequestHandler.java:59)\n\tat io.appium.uiautomator2.server.AppiumServlet.handleRequest(AppiumServlet.java:277)\n\tat io.appium.uiautomator2.server.AppiumServlet.handleHttpRequest(AppiumServlet.java:271)\n\tat io.appium.uiautomator2.http.ServerHandler.channelRead(ServerHandler.java:68)\n\tat io.netty.channel.AbstractChannelHandlerContext.invokeChannelRead(AbstractChannelHandlerContext.java:366)\n\tat io.netty.channel.Abstr...
[debug] [38;5;128m[W3C][0m Matched W3C error code 'no such element' to NoSuchElementError
[debug] [38;5;32m[AndroidUiautomator2Driver@7863 (f1d8245d)][0m Encountered internal error running command: NoSuchElementError: An element could not be located on the page using the given search parameters.
[debug] [38;5;32m[AndroidUiautomator2Driver@7863 (f1d8245d)][0m     at AndroidUiautomator2Driver.findElOrEls (C:\Users\Dfekn\Documents\webdriverio-mobile\node_modules\appium-uiautomator2-driver\node_modules\appium-android-driver\lib\commands\find.js:75:11)
[debug] [38;5;32m[AndroidUiautomator2Driver@7863 (f1d8245d)][0m     at processTicksAndRejections (node:internal/process/task_queues:95:5)
[debug] [38;5;32m[AndroidUiautomator2Driver@7863 (f1d8245d)][0m     at AndroidUiautomator2Driver.findElOrElsWithProcessing (C:\Users\Dfekn\Documents\webdriverio-mobile\node_modules\@appium\base-driver\lib\basedriver\commands\find.ts:60:12)
[debug] [38;5;32m[AndroidUiautomator2Driver@7863 (f1d8245d)][0m     at AndroidUiautomator2Driver.findElement (C:\Users\Dfekn\Documents\webdriverio-mobile\node_modules\@appium\base-driver\lib\basedriver\commands\find.ts:75:12)
[38;5;0m[HTTP][0m [37m<-- POST /session/f1d8245d-fc64-434f-bf7b-8f2111da3686/element [39m[33m404[39m [90m1567 ms - 884[39m
[38;5;0m[HTTP][0m [90m[39m
[38;5;0m[HTTP][0m [37m-->[39m [37mPOST[39m [37m/session/f1d8245d-fc64-434f-bf7b-8f2111da3686/elements[39m
[38;5;0m[HTTP][0m [90m{"using":"xpath","value":"/hierarchy/android.widget.FrameLayout/android.widget.LinearLayout/android.widget.FrameLayout/android.widget.LinearLayout/android.widget.FrameLayout/android.view.ViewGroup/android.widget.FrameLayout/android.view.ViewGroup/android.widget.LinearLayout[1]/android.widget.FrameLayout/android.widget.EditText"}[39m
[debug] [38;5;32m[AndroidUiautomator2Driver@7863 (f1d8245d)][0m Calling AppiumDriver.findElements() with args: ["xpath","/hierarchy/android.widget.FrameLayout/android.widget.LinearLayout/android.widget.FrameLayout/android.widget.LinearLayout/android.widget.FrameLayout/android.view.ViewGroup/android.widget.FrameLayout/android.view.ViewGroup/android.widget.LinearLayout[1]/android.widget.FrameLayout/android.widget.EditText","f1d8245d-fc64-434f-bf7b-8f2111da3686"]
[debug] [38;5;32m[AndroidUiautomator2Driver@7863 (f1d8245d)][0m Valid locator strategies for this request: xpath, id, class name, accessibility id, css selector, -android uiautomator
[debug] [38;5;32m[AndroidUiautomator2Driver@7863 (f1d8245d)][0m Waiting up to 0 ms for condition
[debug] [38;5;32m[AndroidUiautomator2Driver@7863 (f1d8245d)][0m Matched '/elements' to command name 'findElements'
[debug] [38;5;32m[AndroidUiautomator2Driver@7863 (f1d8245d)][0m Proxying [POST /elements] to [POST http://127.0.0.1:8202/session/a8c7ade3-541d-4ded-a7b1-5adacabd819c/elements] with body: {"strategy":"xpath","selector":"/hierarchy/android.widget.FrameLayout/android.widget.LinearLayout/android.widget.FrameLayout/android.widget.LinearLayout/android.widget.FrameLayout/android.view.ViewGroup/android.widget.FrameLayout/android.view.ViewGroup/android.widget.LinearLayout[1]/android.widget.FrameLayout/android.widget.EditText","context":"","multiple":true}
[debug] [38;5;32m[AndroidUiautomator2Driver@7863 (f1d8245d)][0m Got response with status 200: {"sessionId":"a8c7ade3-541d-4ded-a7b1-5adacabd819c","value":[]}
[debug] [38;5;32m[AndroidUiautomator2Driver@7863 (f1d8245d)][0m Responding to client with driver.findElements() result: []
[38;5;0m[HTTP][0m [37m<-- POST /session/f1d8245d-fc64-434f-bf7b-8f2111da3686/elements [39m[32m200[39m [90m112 ms - 12[39m
[38;5;0m[HTTP][0m [90m[39m
[38;5;0m[HTTP][0m [37m-->[39m [37mPOST[39m [37m/session/f1d8245d-fc64-434f-bf7b-8f2111da3686/elements[39m
[38;5;0m[HTTP][0m [90m{"using":"xpath","value":"/hierarchy/android.widget.FrameLayout/android.widget.LinearLayout/android.widget.FrameLayout/android.widget.LinearLayout/android.widget.FrameLayout/android.view.ViewGroup/android.widget.FrameLayout/android.view.ViewGroup/android.widget.LinearLayout[1]/android.widget.FrameLayout/android.widget.EditText"}[39m
[debug] [38;5;32m[AndroidUiautomator2Driver@7863 (f1d8245d)][0m Calling AppiumDriver.findElements() with args: ["xpath","/hierarchy/android.widget.FrameLayout/android.widget.LinearLayout/android.widget.FrameLayout/android.widget.LinearLayout/android.widget.FrameLayout/android.view.ViewGroup/android.widget.FrameLayout/android.view.ViewGroup/android.widget.LinearLayout[1]/android.widget.FrameLayout/android.widget.EditText","f1d8245d-fc64-434f-bf7b-8f2111da3686"]
[debug] [38;5;32m[AndroidUiautomator2Driver@7863 (f1d8245d)][0m Valid locator strategies for this request: xpath, id, class name, accessibility id, css selector, -android uiautomator
[debug] [38;5;32m[AndroidUiautomator2Driver@7863 (f1d8245d)][0m Waiting up to 0 ms for condition
[debug] [38;5;32m[AndroidUiautomator2Driver@7863 (f1d8245d)][0m Matched '/elements' to command name 'findElements'
[debug] [38;5;32m[AndroidUiautomator2Driver@7863 (f1d8245d)][0m Proxying [POST /elements] to [POST http://127.0.0.1:8202/session/a8c7ade3-541d-4ded-a7b1-5adacabd819c/elements] with body: {"strategy":"xpath","selector":"/hierarchy/android.widget.FrameLayout/android.widget.LinearLayout/android.widget.FrameLayout/android.widget.LinearLayout/android.widget.FrameLayout/android.view.ViewGroup/android.widget.FrameLayout/android.view.ViewGroup/android.widget.LinearLayout[1]/android.widget.FrameLayout/android.widget.EditText","context":"","multiple":true}
[debug] [38;5;32m[AndroidUiautomator2Driver@7863 (f1d8245d)][0m Got response with status 200: {"sessionId":"a8c7ade3-541d-4ded-a7b1-5adacabd819c","value":[]}
[debug] [38;5;32m[AndroidUiautomator2Driver@7863 (f1d8245d)][0m Responding to client with driver.findElements() result: []
[38;5;0m[HTTP][0m [37m<-- POST /session/f1d8245d-fc64-434f-bf7b-8f2111da3686/elements [39m[32m200[39m [90m561 ms - 12[39m
[38;5;0m[HTTP][0m [90m[39m
[38;5;0m[HTTP][0m [37m-->[39m [37mPOST[39m [37m/session/f1d8245d-fc64-434f-bf7b-8f2111da3686/elements[39m
[38;5;0m[HTTP][0m [90m{"using":"xpath","value":"/hierarchy/android.widget.FrameLayout/android.widget.LinearLayout/android.widget.FrameLayout/android.widget.LinearLayout/android.widget.FrameLayout/android.view.ViewGroup/android.widget.FrameLayout/android.view.ViewGroup/android.widget.LinearLayout[1]/android.widget.FrameLayout/android.widget.EditText"}[39m
[debug] [38;5;32m[AndroidUiautomator2Driver@7863 (f1d8245d)][0m Calling AppiumDriver.findElements() with args: ["xpath","/hierarchy/android.widget.FrameLayout/android.widget.LinearLayout/android.widget.FrameLayout/android.widget.LinearLayout/android.widget.FrameLayout/android.view.ViewGroup/android.widget.FrameLayout/android.view.ViewGroup/android.widget.LinearLayout[1]/android.widget.FrameLayout/android.widget.EditText","f1d8245d-fc64-434f-bf7b-8f2111da3686"]
[debug] [38;5;32m[AndroidUiautomator2Driver@7863 (f1d8245d)][0m Valid locator strategies for this request: xpath, id, class name, accessibility id, css selector, -android uiautomator
[debug] [38;5;32m[AndroidUiautomator2Driver@7863 (f1d8245d)][0m Waiting up to 0 ms for condition
[debug] [38;5;32m[AndroidUiautomator2Driver@7863 (f1d8245d)][0m Matched '/elements' to command name 'findElements'
[debug] [38;5;32m[AndroidUiautomator2Driver@7863 (f1d8245d)][0m Proxying [POST /elements] to [POST http://127.0.0.1:8202/session/a8c7ade3-541d-4ded-a7b1-5adacabd819c/elements] with body: {"strategy":"xpath","selector":"/hierarchy/android.widget.FrameLayout/android.widget.LinearLayout/android.widget.FrameLayout/android.widget.LinearLayout/android.widget.FrameLayout/android.view.ViewGroup/android.widget.FrameLayout/android.view.ViewGroup/android.widget.LinearLayout[1]/android.widget.FrameLayout/android.widget.EditText","context":"","multiple":true}
[debug] [38;5;32m[AndroidUiautomator2Driver@7863 (f1d8245d)][0m Got response with status 200: {"sessionId":"a8c7ade3-541d-4ded-a7b1-5adacabd819c","value":[{"ELEMENT":"00000000-0000-0160-ffff-ffff00000013","element-6066-11e4-a52e-4f735466cecf":"00000000-0000-0160-ffff-ffff00000013"}]}
[debug] [38;5;32m[AndroidUiautomator2Driver@7863 (f1d8245d)][0m Responding to client with driver.findElements() result: [{"element-6066-11e4-a52e-4f735466cecf":"00000000-0000-0160-ffff-ffff00000013","ELEMENT":"00000000-0000-0160-ffff-ffff00000013"}]
[38;5;0m[HTTP][0m [37m<-- POST /session/f1d8245d-fc64-434f-bf7b-8f2111da3686/elements [39m[32m200[39m [90m1662 ms - 139[39m
[38;5;0m[HTTP][0m [90m[39m
[38;5;0m[HTTP][0m [37m-->[39m [37mPOST[39m [37m/session/f1d8245d-fc64-434f-bf7b-8f2111da3686/element[39m
[38;5;0m[HTTP][0m [90m{"using":"xpath","value":"/hierarchy/android.widget.FrameLayout/android.widget.LinearLayout/android.widget.FrameLayout/android.widget.LinearLayout/android.widget.FrameLayout/android.view.ViewGroup/android.widget.FrameLayout/android.view.ViewGroup/android.widget.LinearLayout[1]/android.widget.FrameLayout/android.widget.EditText"}[39m
[debug] [38;5;32m[AndroidUiautomator2Driver@7863 (f1d8245d)][0m Calling AppiumDriver.findElement() with args: ["xpath","/hierarchy/android.widget.FrameLayout/android.widget.LinearLayout/android.widget.FrameLayout/android.widget.LinearLayout/android.widget.FrameLayout/android.view.ViewGroup/android.widget.FrameLayout/android.view.ViewGroup/android.widget.LinearLayout[1]/android.widget.FrameLayout/android.widget.EditText","f1d8245d-fc64-434f-bf7b-8f2111da3686"]
[debug] [38;5;32m[AndroidUiautomator2Driver@7863 (f1d8245d)][0m Valid locator strategies for this request: xpath, id, class name, accessibility id, css selector, -android uiautomator
[debug] [38;5;32m[AndroidUiautomator2Driver@7863 (f1d8245d)][0m Waiting up to 0 ms for condition
[debug] [38;5;32m[AndroidUiautomator2Driver@7863 (f1d8245d)][0m Matched '/element' to command name 'findElement'
[debug] [38;5;32m[AndroidUiautomator2Driver@7863 (f1d8245d)][0m Proxying [POST /element] to [POST http://127.0.0.1:8202/session/a8c7ade3-541d-4ded-a7b1-5adacabd819c/element] with body: {"strategy":"xpath","selector":"/hierarchy/android.widget.FrameLayout/android.widget.LinearLayout/android.widget.FrameLayout/android.widget.LinearLayout/android.widget.FrameLayout/android.view.ViewGroup/android.widget.FrameLayout/android.view.ViewGroup/android.widget.LinearLayout[1]/android.widget.FrameLayout/android.widget.EditText","context":"","multiple":false}
[debug] [38;5;32m[AndroidUiautomator2Driver@7863 (f1d8245d)][0m Got response with status 200: {"sessionId":"a8c7ade3-541d-4ded-a7b1-5adacabd819c","value":{"ELEMENT":"00000000-0000-0160-ffff-ffff00000013","element-6066-11e4-a52e-4f735466cecf":"00000000-0000-0160-ffff-ffff00000013"}}
[debug] [38;5;32m[AndroidUiautomator2Driver@7863 (f1d8245d)][0m Responding to client with driver.findElement() result: {"element-6066-11e4-a52e-4f735466cecf":"00000000-0000-0160-ffff-ffff00000013","ELEMENT":"00000000-0000-0160-ffff-ffff00000013"}
[38;5;0m[HTTP][0m [37m<-- POST /session/f1d8245d-fc64-434f-bf7b-8f2111da3686/element [39m[32m200[39m [90m1154 ms - 137[39m
[38;5;0m[HTTP][0m [90m[39m
[38;5;0m[HTTP][0m [37m-->[39m [37mPOST[39m [37m/session/f1d8245d-fc64-434f-bf7b-8f2111da3686/element/00000000-0000-0160-ffff-ffff00000013/clear[39m
[38;5;0m[HTTP][0m [90m{}[39m
[debug] [38;5;32m[AndroidUiautomator2Driver@7863 (f1d8245d)][0m Calling AppiumDriver.clear() with args: ["00000000-0000-0160-ffff-ffff00000013","f1d8245d-fc64-434f-bf7b-8f2111da3686"]
[debug] [38;5;32m[AndroidUiautomator2Driver@7863 (f1d8245d)][0m Matched '/element/00000000-0000-0160-ffff-ffff00000013/clear' to command name 'clear'
[debug] [38;5;32m[AndroidUiautomator2Driver@7863 (f1d8245d)][0m Proxying [POST /element/00000000-0000-0160-ffff-ffff00000013/clear] to [POST http://127.0.0.1:8202/session/a8c7ade3-541d-4ded-a7b1-5adacabd819c/element/00000000-0000-0160-ffff-ffff00000013/clear] with body: {"elementId":"00000000-0000-0160-ffff-ffff00000013"}
[debug] [38;5;32m[AndroidUiautomator2Driver@7863 (f1d8245d)][0m Got response with status 200: {"sessionId":"a8c7ade3-541d-4ded-a7b1-5adacabd819c","value":null}
[debug] [38;5;32m[AndroidUiautomator2Driver@7863 (f1d8245d)][0m Responding to client with driver.clear() result: null
[38;5;0m[HTTP][0m [37m<-- POST /session/f1d8245d-fc64-434f-bf7b-8f2111da3686/element/00000000-0000-0160-ffff-ffff00000013/clear [39m[32m200[39m [90m736 ms - 14[39m
[38;5;0m[HTTP][0m [90m[39m
[38;5;0m[HTTP][0m [37m-->[39m [37mPOST[39m [37m/session/f1d8245d-fc64-434f-bf7b-8f2111da3686/element/00000000-0000-0160-ffff-ffff00000013/value[39m
[38;5;0m[HTTP][0m [90m{"text":"daffa eka"}[39m
[debug] [38;5;32m[AndroidUiautomator2Driver@7863 (f1d8245d)][0m Calling AppiumDriver.setValue() with args: ["daffa eka","00000000-0000-0160-ffff-ffff00000013","f1d8245d-fc64-434f-bf7b-8f2111da3686"]
[debug] [38;5;32m[AndroidUiautomator2Driver@7863 (f1d8245d)][0m Matched '/element/00000000-0000-0160-ffff-ffff00000013/value' to command name 'setValue'
[debug] [38;5;32m[AndroidUiautomator2Driver@7863 (f1d8245d)][0m Added 'value' property ["d","a","f","f","a"," ","e","k","a"] to 'setValue' request body
[debug] [38;5;32m[AndroidUiautomator2Driver@7863 (f1d8245d)][0m Proxying [POST /element/00000000-0000-0160-ffff-ffff00000013/value] to [POST http://127.0.0.1:8202/session/a8c7ade3-541d-4ded-a7b1-5adacabd819c/element/00000000-0000-0160-ffff-ffff00000013/value] with body: {"elementId":"00000000-0000-0160-ffff-ffff00000013","text":"daffa eka","replace":false,"value":["d","a","f","f","a"," ","e","k","a"]}
[debug] [38;5;32m[AndroidUiautomator2Driver@7863 (f1d8245d)][0m Got response with status 200: {"sessionId":"a8c7ade3-541d-4ded-a7b1-5adacabd819c","value":null}
[debug] [38;5;32m[AndroidUiautomator2Driver@7863 (f1d8245d)][0m Responding to client with driver.setValue() result: null
[38;5;0m[HTTP][0m [37m<-- POST /session/f1d8245d-fc64-434f-bf7b-8f2111da3686/element/00000000-0000-0160-ffff-ffff00000013/value [39m[32m200[39m [90m2143 ms - 14[39m
[38;5;0m[HTTP][0m [90m[39m
[38;5;0m[HTTP][0m [37m-->[39m [37mPOST[39m [37m/session/f1d8245d-fc64-434f-bf7b-8f2111da3686/element[39m
[38;5;0m[HTTP][0m [90m{"using":"xpath","value":"/hierarchy/android.widget.FrameLayout/android.widget.LinearLayout/android.widget.FrameLayout/android.widget.LinearLayout/android.widget.FrameLayout/android.view.ViewGroup/android.widget.FrameLayout/android.view.ViewGroup/android.widget.LinearLayout[2]/android.widget.FrameLayout/android.widget.EditText"}[39m
[debug] [38;5;32m[AndroidUiautomator2Driver@7863 (f1d8245d)][0m Calling AppiumDriver.findElement() with args: ["xpath","/hierarchy/android.widget.FrameLayout/android.widget.LinearLayout/android.widget.FrameLayout/android.widget.LinearLayout/android.widget.FrameLayout/android.view.ViewGroup/android.widget.FrameLayout/android.view.ViewGroup/android.widget.LinearLayout[2]/android.widget.FrameLayout/android.widget.EditText","f1d8245d-fc64-434f-bf7b-8f2111da3686"]
[debug] [38;5;32m[AndroidUiautomator2Driver@7863 (f1d8245d)][0m Valid locator strategies for this request: xpath, id, class name, accessibility id, css selector, -android uiautomator
[debug] [38;5;32m[AndroidUiautomator2Driver@7863 (f1d8245d)][0m Waiting up to 0 ms for condition
[debug] [38;5;32m[AndroidUiautomator2Driver@7863 (f1d8245d)][0m Matched '/element' to command name 'findElement'
[debug] [38;5;32m[AndroidUiautomator2Driver@7863 (f1d8245d)][0m Proxying [POST /element] to [POST http://127.0.0.1:8202/session/a8c7ade3-541d-4ded-a7b1-5adacabd819c/element] with body: {"strategy":"xpath","selector":"/hierarchy/android.widget.FrameLayout/android.widget.LinearLayout/android.widget.FrameLayout/android.widget.LinearLayout/android.widget.FrameLayout/android.view.ViewGroup/android.widget.FrameLayout/android.view.ViewGroup/android.widget.LinearLayout[2]/android.widget.FrameLayout/android.widget.EditText","context":"","multiple":false}
[debug] [38;5;32m[AndroidUiautomator2Driver@7863 (f1d8245d)][0m Got response with status 200: {"sessionId":"a8c7ade3-541d-4ded-a7b1-5adacabd819c","value":{"ELEMENT":"00000000-0000-0160-ffff-ffff0000001f","element-6066-11e4-a52e-4f735466cecf":"00000000-0000-0160-ffff-ffff0000001f"}}
[debug] [38;5;32m[AndroidUiautomator2Driver@7863 (f1d8245d)][0m Responding to client with driver.findElement() result: {"element-6066-11e4-a52e-4f735466cecf":"00000000-0000-0160-ffff-ffff0000001f","ELEMENT":"00000000-0000-0160-ffff-ffff0000001f"}
[38;5;0m[HTTP][0m [37m<-- POST /session/f1d8245d-fc64-434f-bf7b-8f2111da3686/element [39m[32m200[39m [90m938 ms - 137[39m
[38;5;0m[HTTP][0m [90m[39m
[38;5;0m[HTTP][0m [37m-->[39m [37mPOST[39m [37m/session/f1d8245d-fc64-434f-bf7b-8f2111da3686/element/00000000-0000-0160-ffff-ffff0000001f/clear[39m
[38;5;0m[HTTP][0m [90m{}[39m
[debug] [38;5;32m[AndroidUiautomator2Driver@7863 (f1d8245d)][0m Calling AppiumDriver.clear() with args: ["00000000-0000-0160-ffff-ffff0000001f","f1d8245d-fc64-434f-bf7b-8f2111da3686"]
[debug] [38;5;32m[AndroidUiautomator2Driver@7863 (f1d8245d)][0m Matched '/element/00000000-0000-0160-ffff-ffff0000001f/clear' to command name 'clear'
[debug] [38;5;32m[AndroidUiautomator2Driver@7863 (f1d8245d)][0m Proxying [POST /element/00000000-0000-0160-ffff-ffff0000001f/clear] to [POST http://127.0.0.1:8202/session/a8c7ade3-541d-4ded-a7b1-5adacabd819c/element/00000000-0000-0160-ffff-ffff0000001f/clear] with body: {"elementId":"00000000-0000-0160-ffff-ffff0000001f"}
[debug] [38;5;32m[AndroidUiautomator2Driver@7863 (f1d8245d)][0m Got response with status 200: {"sessionId":"a8c7ade3-541d-4ded-a7b1-5adacabd819c","value":null}
[debug] [38;5;32m[AndroidUiautomator2Driver@7863 (f1d8245d)][0m Responding to client with driver.clear() result: null
[38;5;0m[HTTP][0m [37m<-- POST /session/f1d8245d-fc64-434f-bf7b-8f2111da3686/element/00000000-0000-0160-ffff-ffff0000001f/clear [39m[32m200[39m [90m41 ms - 14[39m
[38;5;0m[HTTP][0m [90m[39m
[38;5;0m[HTTP][0m [37m-->[39m [37mPOST[39m [37m/session/f1d8245d-fc64-434f-bf7b-8f2111da3686/element/00000000-0000-0160-ffff-ffff0000001f/value[39m
[38;5;0m[HTTP][0m [90m{"text":"173"}[39m
[debug] [38;5;32m[AndroidUiautomator2Driver@7863 (f1d8245d)][0m Calling AppiumDriver.setValue() with args: ["173","00000000-0000-0160-ffff-ffff0000001f","f1d8245d-fc64-434f-bf7b-8f2111da3686"]
[debug] [38;5;32m[AndroidUiautomator2Driver@7863 (f1d8245d)][0m Matched '/element/00000000-0000-0160-ffff-ffff0000001f/value' to command name 'setValue'
[debug] [38;5;32m[AndroidUiautomator2Driver@7863 (f1d8245d)][0m Added 'value' property ["1","7","3"] to 'setValue' request body
[debug] [38;5;32m[AndroidUiautomator2Driver@7863 (f1d8245d)][0m Proxying [POST /element/00000000-0000-0160-ffff-ffff0000001f/value] to [POST http://127.0.0.1:8202/session/a8c7ade3-541d-4ded-a7b1-5adacabd819c/element/00000000-0000-0160-ffff-ffff0000001f/value] with body: {"elementId":"00000000-0000-0160-ffff-ffff0000001f","text":"173","replace":false,"value":["1","7","3"]}
[debug] [38;5;32m[AndroidUiautomator2Driver@7863 (f1d8245d)][0m Got response with status 200: {"sessionId":"a8c7ade3-541d-4ded-a7b1-5adacabd819c","value":null}
[debug] [38;5;32m[AndroidUiautomator2Driver@7863 (f1d8245d)][0m Responding to client with driver.setValue() result: null
[38;5;0m[HTTP][0m [37m<-- POST /session/f1d8245d-fc64-434f-bf7b-8f2111da3686/element/00000000-0000-0160-ffff-ffff0000001f/value [39m[32m200[39m [90m1943 ms - 14[39m
[38;5;0m[HTTP][0m [90m[39m
[38;5;0m[HTTP][0m [37m-->[39m [37mPOST[39m [37m/session/f1d8245d-fc64-434f-bf7b-8f2111da3686/element[39m
[38;5;0m[HTTP][0m [90m{"using":"xpath","value":"/hierarchy/android.widget.FrameLayout/android.widget.LinearLayout/android.widget.FrameLayout/android.widget.LinearLayout/android.widget.FrameLayout/android.view.ViewGroup/android.widget.FrameLayout/android.view.ViewGroup/android.widget.LinearLayout[3]/android.widget.FrameLayout/android.widget.EditText"}[39m
[debug] [38;5;32m[AndroidUiautomator2Driver@7863 (f1d8245d)][0m Calling AppiumDriver.findElement() with args: ["xpath","/hierarchy/android.widget.FrameLayout/android.widget.LinearLayout/android.widget.FrameLayout/android.widget.LinearLayout/android.widget.FrameLayout/android.view.ViewGroup/android.widget.FrameLayout/android.view.ViewGroup/android.widget.LinearLayout[3]/android.widget.FrameLayout/android.widget.EditText","f1d8245d-fc64-434f-bf7b-8f2111da3686"]
[debug] [38;5;32m[AndroidUiautomator2Driver@7863 (f1d8245d)][0m Valid locator strategies for this request: xpath, id, class name, accessibility id, css selector, -android uiautomator
[debug] [38;5;32m[AndroidUiautomator2Driver@7863 (f1d8245d)][0m Waiting up to 0 ms for condition
[debug] [38;5;32m[AndroidUiautomator2Driver@7863 (f1d8245d)][0m Matched '/element' to command name 'findElement'
[debug] [38;5;32m[AndroidUiautomator2Driver@7863 (f1d8245d)][0m Proxying [POST /element] to [POST http://127.0.0.1:8202/session/a8c7ade3-541d-4ded-a7b1-5adacabd819c/element] with body: {"strategy":"xpath","selector":"/hierarchy/android.widget.FrameLayout/android.widget.LinearLayout/android.widget.FrameLayout/android.widget.LinearLayout/android.widget.FrameLayout/android.view.ViewGroup/android.widget.FrameLayout/android.view.ViewGroup/android.widget.LinearLayout[3]/android.widget.FrameLayout/android.widget.EditText","context":"","multiple":false}
[debug] [38;5;32m[AndroidUiautomator2Driver@7863 (f1d8245d)][0m Got response with status 200: {"sessionId":"a8c7ade3-541d-4ded-a7b1-5adacabd819c","value":{"ELEMENT":"00000000-0000-0160-ffff-ffff0000002b","element-6066-11e4-a52e-4f735466cecf":"00000000-0000-0160-ffff-ffff0000002b"}}
[debug] [38;5;32m[AndroidUiautomator2Driver@7863 (f1d8245d)][0m Responding to client with driver.findElement() result: {"element-6066-11e4-a52e-4f735466cecf":"00000000-0000-0160-ffff-ffff0000002b","ELEMENT":"00000000-0000-0160-ffff-ffff0000002b"}
[38;5;0m[HTTP][0m [37m<-- POST /session/f1d8245d-fc64-434f-bf7b-8f2111da3686/element [39m[32m200[39m [90m80 ms - 137[39m
[38;5;0m[HTTP][0m [90m[39m
[38;5;0m[HTTP][0m [37m-->[39m [37mPOST[39m [37m/session/f1d8245d-fc64-434f-bf7b-8f2111da3686/element/00000000-0000-0160-ffff-ffff0000002b/clear[39m
[38;5;0m[HTTP][0m [90m{}[39m
[debug] [38;5;32m[AndroidUiautomator2Driver@7863 (f1d8245d)][0m Calling AppiumDriver.clear() with args: ["00000000-0000-0160-ffff-ffff0000002b","f1d8245d-fc64-434f-bf7b-8f2111da3686"]
[debug] [38;5;32m[AndroidUiautomator2Driver@7863 (f1d8245d)][0m Matched '/element/00000000-0000-0160-ffff-ffff0000002b/clear' to command name 'clear'
[debug] [38;5;32m[AndroidUiautomator2Driver@7863 (f1d8245d)][0m Proxying [POST /element/00000000-0000-0160-ffff-ffff0000002b/clear] to [POST http://127.0.0.1:8202/session/a8c7ade3-541d-4ded-a7b1-5adacabd819c/element/00000000-0000-0160-ffff-ffff0000002b/clear] with body: {"elementId":"00000000-0000-0160-ffff-ffff0000002b"}
[debug] [38;5;32m[AndroidUiautomator2Driver@7863 (f1d8245d)][0m Got response with status 200: {"sessionId":"a8c7ade3-541d-4ded-a7b1-5adacabd819c","value":null}
[debug] [38;5;32m[AndroidUiautomator2Driver@7863 (f1d8245d)][0m Responding to client with driver.clear() result: null
[38;5;0m[HTTP][0m [37m<-- POST /session/f1d8245d-fc64-434f-bf7b-8f2111da3686/element/00000000-0000-0160-ffff-ffff0000002b/clear [39m[32m200[39m [90m783 ms - 14[39m
[38;5;0m[HTTP][0m [90m[39m
[38;5;0m[HTTP][0m [37m-->[39m [37mPOST[39m [37m/session/f1d8245d-fc64-434f-bf7b-8f2111da3686/element/00000000-0000-0160-ffff-ffff0000002b/value[39m
[38;5;0m[HTTP][0m [90m{"text":"70"}[39m
[debug] [38;5;32m[AndroidUiautomator2Driver@7863 (f1d8245d)][0m Calling AppiumDriver.setValue() with args: ["70","00000000-0000-0160-ffff-ffff0000002b","f1d8245d-fc64-434f-bf7b-8f2111da3686"]
[debug] [38;5;32m[AndroidUiautomator2Driver@7863 (f1d8245d)][0m Matched '/element/00000000-0000-0160-ffff-ffff0000002b/value' to command name 'setValue'
[debug] [38;5;32m[AndroidUiautomator2Driver@7863 (f1d8245d)][0m Added 'value' property ["7","0"] to 'setValue' request body
[debug] [38;5;32m[AndroidUiautomator2Driver@7863 (f1d8245d)][0m Proxying [POST /element/00000000-0000-0160-ffff-ffff0000002b/value] to [POST http://127.0.0.1:8202/session/a8c7ade3-541d-4ded-a7b1-5adacabd819c/element/00000000-0000-0160-ffff-ffff0000002b/value] with body: {"elementId":"00000000-0000-0160-ffff-ffff0000002b","text":"70","replace":false,"value":["7","0"]}
[debug] [38;5;32m[AndroidUiautomator2Driver@7863 (f1d8245d)][0m Got response with status 200: {"sessionId":"a8c7ade3-541d-4ded-a7b1-5adacabd819c","value":null}
[debug] [38;5;32m[AndroidUiautomator2Driver@7863 (f1d8245d)][0m Responding to client with driver.setValue() result: null
[38;5;0m[HTTP][0m [37m<-- POST /session/f1d8245d-fc64-434f-bf7b-8f2111da3686/element/00000000-0000-0160-ffff-ffff0000002b/value [39m[32m200[39m [90m1986 ms - 14[39m
[38;5;0m[HTTP][0m [90m[39m
[38;5;0m[HTTP][0m [37m-->[39m [37mPOST[39m [37m/session/f1d8245d-fc64-434f-bf7b-8f2111da3686/element[39m
[38;5;0m[HTTP][0m [90m{"using":"xpath","value":"/hierarchy/android.widget.FrameLayout/android.widget.LinearLayout/android.widget.FrameLayout/android.widget.LinearLayout/android.widget.FrameLayout/android.view.ViewGroup/android.widget.FrameLayout/android.view.ViewGroup/android.widget.RadioGroup/android.widget.RadioButton[1]"}[39m
[debug] [38;5;32m[AndroidUiautomator2Driver@7863 (f1d8245d)][0m Calling AppiumDriver.findElement() with args: ["xpath","/hierarchy/android.widget.FrameLayout/android.widget.LinearLayout/android.widget.FrameLayout/android.widget.LinearLayout/android.widget.FrameLayout/android.view.ViewGroup/android.widget.FrameLayout/android.view.ViewGroup/android.widget.RadioGroup/android.widget.RadioButton[1]","f1d8245d-fc64-434f-bf7b-8f2111da3686"]
[debug] [38;5;32m[AndroidUiautomator2Driver@7863 (f1d8245d)][0m Valid locator strategies for this request: xpath, id, class name, accessibility id, css selector, -android uiautomator
[debug] [38;5;32m[AndroidUiautomator2Driver@7863 (f1d8245d)][0m Waiting up to 0 ms for condition
[debug] [38;5;32m[AndroidUiautomator2Driver@7863 (f1d8245d)][0m Matched '/element' to command name 'findElement'
[debug] [38;5;32m[AndroidUiautomator2Driver@7863 (f1d8245d)][0m Proxying [POST /element] to [POST http://127.0.0.1:8202/session/a8c7ade3-541d-4ded-a7b1-5adacabd819c/element] with body: {"strategy":"xpath","selector":"/hierarchy/android.widget.FrameLayout/android.widget.LinearLayout/android.widget.FrameLayout/android.widget.LinearLayout/android.widget.FrameLayout/android.view.ViewGroup/android.widget.FrameLayout/android.view.ViewGroup/android.widget.RadioGroup/android.widget.RadioButton[1]","context":"","multiple":false}
[debug] [38;5;32m[AndroidUiautomator2Driver@7863 (f1d8245d)][0m Got response with status 200: {"sessionId":"a8c7ade3-541d-4ded-a7b1-5adacabd819c","value":{"ELEMENT":"00000000-0000-0160-ffff-ffff00000036","element-6066-11e4-a52e-4f735466cecf":"00000000-0000-0160-ffff-ffff00000036"}}
[debug] [38;5;32m[AndroidUiautomator2Driver@7863 (f1d8245d)][0m Responding to client with driver.findElement() result: {"element-6066-11e4-a52e-4f735466cecf":"00000000-0000-0160-ffff-ffff00000036","ELEMENT":"00000000-0000-0160-ffff-ffff00000036"}
[38;5;0m[HTTP][0m [37m<-- POST /session/f1d8245d-fc64-434f-bf7b-8f2111da3686/element [39m[32m200[39m [90m1125 ms - 137[39m
[38;5;0m[HTTP][0m [90m[39m
[38;5;0m[HTTP][0m [37m-->[39m [37mPOST[39m [37m/session/f1d8245d-fc64-434f-bf7b-8f2111da3686/element/00000000-0000-0160-ffff-ffff00000036/click[39m
[38;5;0m[HTTP][0m [90m{}[39m
[debug] [38;5;32m[AndroidUiautomator2Driver@7863 (f1d8245d)][0m Calling AppiumDriver.click() with args: ["00000000-0000-0160-ffff-ffff00000036","f1d8245d-fc64-434f-bf7b-8f2111da3686"]
[debug] [38;5;32m[AndroidUiautomator2Driver@7863 (f1d8245d)][0m Matched '/element/00000000-0000-0160-ffff-ffff00000036/click' to command name 'click'
[debug] [38;5;32m[AndroidUiautomator2Driver@7863 (f1d8245d)][0m Proxying [POST /element/00000000-0000-0160-ffff-ffff00000036/click] to [POST http://127.0.0.1:8202/session/a8c7ade3-541d-4ded-a7b1-5adacabd819c/element/00000000-0000-0160-ffff-ffff00000036/click] with body: {"element":"00000000-0000-0160-ffff-ffff00000036"}
[debug] [38;5;32m[AndroidUiautomator2Driver@7863 (f1d8245d)][0m Got response with status 200: {"sessionId":"a8c7ade3-541d-4ded-a7b1-5adacabd819c","value":null}
[debug] [38;5;32m[AndroidUiautomator2Driver@7863 (f1d8245d)][0m Responding to client with driver.click() result: null
[38;5;0m[HTTP][0m [37m<-- POST /session/f1d8245d-fc64-434f-bf7b-8f2111da3686/element/00000000-0000-0160-ffff-ffff00000036/click [39m[32m200[39m [90m757 ms - 14[39m
[38;5;0m[HTTP][0m [90m[39m
[38;5;0m[HTTP][0m [37m-->[39m [37mPOST[39m [37m/session/f1d8245d-fc64-434f-bf7b-8f2111da3686/element[39m
[38;5;0m[HTTP][0m [90m{"using":"xpath","value":"/hierarchy/android.widget.FrameLayout/android.widget.LinearLayout/android.widget.FrameLayout/android.widget.LinearLayout/android.widget.FrameLayout/android.view.ViewGroup/android.widget.FrameLayout/android.view.ViewGroup/android.widget.Button"}[39m
[debug] [38;5;32m[AndroidUiautomator2Driver@7863 (f1d8245d)][0m Calling AppiumDriver.findElement() with args: ["xpath","/hierarchy/android.widget.FrameLayout/android.widget.LinearLayout/android.widget.FrameLayout/android.widget.LinearLayout/android.widget.FrameLayout/android.view.ViewGroup/android.widget.FrameLayout/android.view.ViewGroup/android.widget.Button","f1d8245d-fc64-434f-bf7b-8f2111da3686"]
[debug] [38;5;32m[AndroidUiautomator2Driver@7863 (f1d8245d)][0m Valid locator strategies for this request: xpath, id, class name, accessibility id, css selector, -android uiautomator
[debug] [38;5;32m[AndroidUiautomator2Driver@7863 (f1d8245d)][0m Waiting up to 0 ms for condition
[debug] [38;5;32m[AndroidUiautomator2Driver@7863 (f1d8245d)][0m Matched '/element' to command name 'findElement'
[debug] [38;5;32m[AndroidUiautomator2Driver@7863 (f1d8245d)][0m Proxying [POST /element] to [POST http://127.0.0.1:8202/session/a8c7ade3-541d-4ded-a7b1-5adacabd819c/element] with body: {"strategy":"xpath","selector":"/hierarchy/android.widget.FrameLayout/android.widget.LinearLayout/android.widget.FrameLayout/android.widget.LinearLayout/android.widget.FrameLayout/android.view.ViewGroup/android.widget.FrameLayout/android.view.ViewGroup/android.widget.Button","context":"","multiple":false}
[debug] [38;5;32m[AndroidUiautomator2Driver@7863 (f1d8245d)][0m Got response with status 200: {"sessionId":"a8c7ade3-541d-4ded-a7b1-5adacabd819c","value":{"ELEMENT":"00000000-0000-0160-ffff-ffff00000038","element-6066-11e4-a52e-4f735466cecf":"00000000-0000-0160-ffff-ffff00000038"}}
[debug] [38;5;32m[AndroidUiautomator2Driver@7863 (f1d8245d)][0m Responding to client with driver.findElement() result: {"element-6066-11e4-a52e-4f735466cecf":"00000000-0000-0160-ffff-ffff00000038","ELEMENT":"00000000-0000-0160-ffff-ffff00000038"}
[38;5;0m[HTTP][0m [37m<-- POST /session/f1d8245d-fc64-434f-bf7b-8f2111da3686/element [39m[32m200[39m [90m159 ms - 137[39m
[38;5;0m[HTTP][0m [90m[39m
[38;5;0m[HTTP][0m [37m-->[39m [37mPOST[39m [37m/session/f1d8245d-fc64-434f-bf7b-8f2111da3686/element/00000000-0000-0160-ffff-ffff00000038/click[39m
[38;5;0m[HTTP][0m [90m{}[39m
[debug] [38;5;32m[AndroidUiautomator2Driver@7863 (f1d8245d)][0m Calling AppiumDriver.click() with args: ["00000000-0000-0160-ffff-ffff00000038","f1d8245d-fc64-434f-bf7b-8f2111da3686"]
[debug] [38;5;32m[AndroidUiautomator2Driver@7863 (f1d8245d)][0m Matched '/element/00000000-0000-0160-ffff-ffff00000038/click' to command name 'click'
[debug] [38;5;32m[AndroidUiautomator2Driver@7863 (f1d8245d)][0m Proxying [POST /element/00000000-0000-0160-ffff-ffff00000038/click] to [POST http://127.0.0.1:8202/session/a8c7ade3-541d-4ded-a7b1-5adacabd819c/element/00000000-0000-0160-ffff-ffff00000038/click] with body: {"element":"00000000-0000-0160-ffff-ffff00000038"}
[debug] [38;5;32m[AndroidUiautomator2Driver@7863 (f1d8245d)][0m Got response with status 200: {"sessionId":"a8c7ade3-541d-4ded-a7b1-5adacabd819c","value":null}
[debug] [38;5;32m[AndroidUiautomator2Driver@7863 (f1d8245d)][0m Responding to client with driver.click() result: null
[38;5;0m[HTTP][0m [37m<-- POST /session/f1d8245d-fc64-434f-bf7b-8f2111da3686/element/00000000-0000-0160-ffff-ffff00000038/click [39m[32m200[39m [90m60 ms - 14[39m
[38;5;0m[HTTP][0m [90m[39m
[38;5;0m[HTTP][0m [37m-->[39m [37mPOST[39m [37m/session/f1d8245d-fc64-434f-bf7b-8f2111da3686/element[39m
[38;5;0m[HTTP][0m [90m{"using":"xpath","value":"/hierarchy/android.widget.FrameLayout/android.widget.LinearLayout/android.widget.FrameLayout/android.widget.LinearLayout/android.widget.FrameLayout/android.view.ViewGroup/android.widget.FrameLayout/android.view.ViewGroup/android.widget.RadioGroup/android.widget.RadioButton[1]"}[39m
[debug] [38;5;32m[AndroidUiautomator2Driver@7863 (f1d8245d)][0m Calling AppiumDriver.findElement() with args: ["xpath","/hierarchy/android.widget.FrameLayout/android.widget.LinearLayout/android.widget.FrameLayout/android.widget.LinearLayout/android.widget.FrameLayout/android.view.ViewGroup/android.widget.FrameLayout/android.view.ViewGroup/android.widget.RadioGroup/android.widget.RadioButton[1]","f1d8245d-fc64-434f-bf7b-8f2111da3686"]
[debug] [38;5;32m[AndroidUiautomator2Driver@7863 (f1d8245d)][0m Valid locator strategies for this request: xpath, id, class name, accessibility id, css selector, -android uiautomator
[debug] [38;5;32m[AndroidUiautomator2Driver@7863 (f1d8245d)][0m Waiting up to 0 ms for condition
[debug] [38;5;32m[AndroidUiautomator2Driver@7863 (f1d8245d)][0m Matched '/element' to command name 'findElement'
[debug] [38;5;32m[AndroidUiautomator2Driver@7863 (f1d8245d)][0m Proxying [POST /element] to [POST http://127.0.0.1:8202/session/a8c7ade3-541d-4ded-a7b1-5adacabd819c/element] with body: {"strategy":"xpath","selector":"/hierarchy/android.widget.FrameLayout/android.widget.LinearLayout/android.widget.FrameLayout/android.widget.LinearLayout/android.widget.FrameLayout/android.view.ViewGroup/android.widget.FrameLayout/android.view.ViewGroup/android.widget.RadioGroup/android.widget.RadioButton[1]","context":"","multiple":false}
[debug] [38;5;32m[AndroidUiautomator2Driver@7863 (f1d8245d)][0m Got response with status 200: {"sessionId":"a8c7ade3-541d-4ded-a7b1-5adacabd819c","value":{"ELEMENT":"00000000-0000-0160-ffff-ffff0000003d","element-6066-11e4-a52e-4f735466cecf":"00000000-0000-0160-ffff-ffff0000003d"}}
[debug] [38;5;32m[AndroidUiautomator2Driver@7863 (f1d8245d)][0m Responding to client with driver.findElement() result: {"element-6066-11e4-a52e-4f735466cecf":"00000000-0000-0160-ffff-ffff0000003d","ELEMENT":"00000000-0000-0160-ffff-ffff0000003d"}
[38;5;0m[HTTP][0m [37m<-- POST /session/f1d8245d-fc64-434f-bf7b-8f2111da3686/element [39m[32m200[39m [90m137 ms - 137[39m
[38;5;0m[HTTP][0m [90m[39m
[38;5;0m[HTTP][0m [37m-->[39m [37mPOST[39m [37m/session/f1d8245d-fc64-434f-bf7b-8f2111da3686/element/00000000-0000-0160-ffff-ffff0000003d/click[39m
[38;5;0m[HTTP][0m [90m{}[39m
[debug] [38;5;32m[AndroidUiautomator2Driver@7863 (f1d8245d)][0m Calling AppiumDriver.click() with args: ["00000000-0000-0160-ffff-ffff0000003d","f1d8245d-fc64-434f-bf7b-8f2111da3686"]
[debug] [38;5;32m[AndroidUiautomator2Driver@7863 (f1d8245d)][0m Matched '/element/00000000-0000-0160-ffff-ffff0000003d/click' to command name 'click'
[debug] [38;5;32m[AndroidUiautomator2Driver@7863 (f1d8245d)][0m Proxying [POST /element/00000000-0000-0160-ffff-ffff0000003d/click] to [POST http://127.0.0.1:8202/session/a8c7ade3-541d-4ded-a7b1-5adacabd819c/element/00000000-0000-0160-ffff-ffff0000003d/click] with body: {"element":"00000000-0000-0160-ffff-ffff0000003d"}
[debug] [38;5;32m[AndroidUiautomator2Driver@7863 (f1d8245d)][0m Got response with status 200: {"sessionId":"a8c7ade3-541d-4ded-a7b1-5adacabd819c","value":null}
[debug] [38;5;32m[AndroidUiautomator2Driver@7863 (f1d8245d)][0m Responding to client with driver.click() result: null
[38;5;0m[HTTP][0m [37m<-- POST /session/f1d8245d-fc64-434f-bf7b-8f2111da3686/element/00000000-0000-0160-ffff-ffff0000003d/click [39m[32m200[39m [90m773 ms - 14[39m
[38;5;0m[HTTP][0m [90m[39m
[38;5;0m[HTTP][0m [37m-->[39m [37mPOST[39m [37m/session/f1d8245d-fc64-434f-bf7b-8f2111da3686/element[39m
[38;5;0m[HTTP][0m [90m{"using":"xpath","value":"/hierarchy/android.widget.FrameLayout/android.widget.LinearLayout/android.widget.FrameLayout/android.widget.LinearLayout/android.widget.FrameLayout/android.view.ViewGroup/android.widget.FrameLayout/android.view.ViewGroup/android.widget.Button"}[39m
[debug] [38;5;32m[AndroidUiautomator2Driver@7863 (f1d8245d)][0m Calling AppiumDriver.findElement() with args: ["xpath","/hierarchy/android.widget.FrameLayout/android.widget.LinearLayout/android.widget.FrameLayout/android.widget.LinearLayout/android.widget.FrameLayout/android.view.ViewGroup/android.widget.FrameLayout/android.view.ViewGroup/android.widget.Button","f1d8245d-fc64-434f-bf7b-8f2111da3686"]
[debug] [38;5;32m[AndroidUiautomator2Driver@7863 (f1d8245d)][0m Valid locator strategies for this request: xpath, id, class name, accessibility id, css selector, -android uiautomator
[debug] [38;5;32m[AndroidUiautomator2Driver@7863 (f1d8245d)][0m Waiting up to 0 ms for condition
[debug] [38;5;32m[AndroidUiautomator2Driver@7863 (f1d8245d)][0m Matched '/element' to command name 'findElement'
[debug] [38;5;32m[AndroidUiautomator2Driver@7863 (f1d8245d)][0m Proxying [POST /element] to [POST http://127.0.0.1:8202/session/a8c7ade3-541d-4ded-a7b1-5adacabd819c/element] with body: {"strategy":"xpath","selector":"/hierarchy/android.widget.FrameLayout/android.widget.LinearLayout/android.widget.FrameLayout/android.widget.LinearLayout/android.widget.FrameLayout/android.view.ViewGroup/android.widget.FrameLayout/android.view.ViewGroup/android.widget.Button","context":"","multiple":false}
[debug] [38;5;32m[AndroidUiautomator2Driver@7863 (f1d8245d)][0m Got response with status 200: {"sessionId":"a8c7ade3-541d-4ded-a7b1-5adacabd819c","value":{"ELEMENT":"00000000-0000-0160-ffff-ffff00000044","element-6066-11e4-a52e-4f735466cecf":"00000000-0000-0160-ffff-ffff00000044"}}
[debug] [38;5;32m[AndroidUiautomator2Driver@7863 (f1d8245d)][0m Responding to client with driver.findElement() result: {"element-6066-11e4-a52e-4f735466cecf":"00000000-0000-0160-ffff-ffff00000044","ELEMENT":"00000000-0000-0160-ffff-ffff00000044"}
[38;5;0m[HTTP][0m [37m<-- POST /session/f1d8245d-fc64-434f-bf7b-8f2111da3686/element [39m[32m200[39m [90m61 ms - 137[39m
[38;5;0m[HTTP][0m [90m[39m
[38;5;0m[HTTP][0m [37m-->[39m [37mPOST[39m [37m/session/f1d8245d-fc64-434f-bf7b-8f2111da3686/element/00000000-0000-0160-ffff-ffff00000044/click[39m
[38;5;0m[HTTP][0m [90m{}[39m
[debug] [38;5;32m[AndroidUiautomator2Driver@7863 (f1d8245d)][0m Calling AppiumDriver.click() with args: ["00000000-0000-0160-ffff-ffff00000044","f1d8245d-fc64-434f-bf7b-8f2111da3686"]
[debug] [38;5;32m[AndroidUiautomator2Driver@7863 (f1d8245d)][0m Matched '/element/00000000-0000-0160-ffff-ffff00000044/click' to command name 'click'
[debug] [38;5;32m[AndroidUiautomator2Driver@7863 (f1d8245d)][0m Proxying [POST /element/00000000-0000-0160-ffff-ffff00000044/click] to [POST http://127.0.0.1:8202/session/a8c7ade3-541d-4ded-a7b1-5adacabd819c/element/00000000-0000-0160-ffff-ffff00000044/click] with body: {"element":"00000000-0000-0160-ffff-ffff00000044"}
[debug] [38;5;32m[AndroidUiautomator2Driver@7863 (f1d8245d)][0m Got response with status 200: {"sessionId":"a8c7ade3-541d-4ded-a7b1-5adacabd819c","value":null}
[debug] [38;5;32m[AndroidUiautomator2Driver@7863 (f1d8245d)][0m Responding to client with driver.click() result: null
[38;5;0m[HTTP][0m [37m<-- POST /session/f1d8245d-fc64-434f-bf7b-8f2111da3686/element/00000000-0000-0160-ffff-ffff00000044/click [39m[32m200[39m [90m2032 ms - 14[39m
[38;5;0m[HTTP][0m [90m[39m
[38;5;0m[HTTP][0m [37m-->[39m [37mDELETE[39m [37m/session/f1d8245d-fc64-434f-bf7b-8f2111da3686[39m
[38;5;0m[HTTP][0m [90m{}[39m
[debug] [38;5;32m[AndroidUiautomator2Driver@7863 (f1d8245d)][0m Calling AppiumDriver.deleteSession() with args: ["f1d8245d-fc64-434f-bf7b-8f2111da3686"]
[debug] [38;5;16m[AppiumDriver@4b32][0m Event 'quitSessionRequested' logged at 1688909507286 (20:31:47 GMT+0700 (Western Indonesia Time))
[38;5;16m[AppiumDriver@4b32][0m Removing session f1d8245d-fc64-434f-bf7b-8f2111da3686 from our master session list
[debug] [38;5;32m[AndroidUiautomator2Driver@7863 (f1d8245d)][0m Deleting UiAutomator2 session
[debug] [38;5;32m[AndroidUiautomator2Driver@7863 (f1d8245d)][0m Deleting UiAutomator2 server session
[debug] [38;5;32m[AndroidUiautomator2Driver@7863 (f1d8245d)][0m Matched '/' to command name 'deleteSession'
[debug] [38;5;32m[AndroidUiautomator2Driver@7863 (f1d8245d)][0m Proxying [DELETE /] to [DELETE http://127.0.0.1:8202/session/a8c7ade3-541d-4ded-a7b1-5adacabd819c] with no body
[debug] [38;5;32m[AndroidUiautomator2Driver@7863 (f1d8245d)][0m Got response with status 200: {"sessionId":"a8c7ade3-541d-4ded-a7b1-5adacabd819c","value":null}
[debug] [38;5;64m[ADB][0m Running 'C:\Users\Dfekn\AppData\Local\Android\Sdk\platform-tools\adb.exe -P 5037 -s 83c12a5 shell dumpsys activity services io.appium.settings/.recorder.RecorderService'
[debug] [38;5;96m[Logcat][0m Stopping logcat capture
[debug] [38;5;64m[ADB][0m Removing forwarded port socket connection: 8202 
[debug] [38;5;64m[ADB][0m Running 'C:\Users\Dfekn\AppData\Local\Android\Sdk\platform-tools\adb.exe -P 5037 -s 83c12a5 forward --remove tcp:8202'
[38;5;32m[AndroidUiautomator2Driver@7863 (f1d8245d)][0m Restoring hidden api policy to the device default configuration
[debug] [38;5;64m[ADB][0m Running 'C:\Users\Dfekn\AppData\Local\Android\Sdk\platform-tools\adb.exe -P 5037 -s 83c12a5 shell 'settings delete global hidden_api_policy_pre_p_apps;settings delete global hidden_api_policy_p_apps;settings delete global hidden_api_policy''
[debug] [38;5;16m[AppiumDriver@4b32][0m Event 'quitSessionFinished' logged at 1688909507504 (20:31:47 GMT+0700 (Western Indonesia Time))
[debug] [38;5;16m[AppiumDriver@4b32][0m Received response: null
[debug] [38;5;16m[AppiumDriver@4b32][0m But deleting session, so not returning
[debug] [38;5;16m[AppiumDriver@4b32][0m Responding to client with driver.deleteSession() result: null
[38;5;0m[HTTP][0m [37m<-- DELETE /session/f1d8245d-fc64-434f-bf7b-8f2111da3686 [39m[32m200[39m [90m220 ms - 14[39m
[38;5;0m[HTTP][0m [90m[39m
